<?xml version="1.0" encoding="UTF-8"?>
<testng-results skipped="0" failed="0" ignored="0" total="1" passed="1">
  <reporter-output>
  </reporter-output>
  <suite name="Default suite" duration-ms="7708" started-at="2019-03-06T02:38:11Z" finished-at="2019-03-06T02:38:18Z">
    <groups>
    </groups>
    <test name="Default test" duration-ms="7708" started-at="2019-03-06T02:38:11Z" finished-at="2019-03-06T02:38:18Z">
      <class name="LoginTest">
        <test-method status="PASS" signature="setUp()[pri:0, instance:LoginTest@1933fd1]" name="setUp" duration-ms="7612" started-at="2019-03-06T08:08:11Z" finished-at="2019-03-06T08:08:18Z">
          <reporter-output>
          </reporter-output>
        </test-method> <!-- setUp -->
      </class> <!-- LoginTest -->
    </test> <!-- Default test -->
  </suite> <!-- Default suite -->
</testng-results>
